This is pdfTeX, Version 3.14159265-2.6-1.40.17 (MiKTeX 2.9 64-bit) (preloaded format=pdflatex 2016.9.20)  7 AUG 2017 09:46
entering extended mode
**./Documento.tex
(Documento.tex
LaTeX2e <2016/03/31> patch level 3
Babel <3.9r> and hyphenation patterns for 75 language(s) loaded.
(Preambulo.tex ("C:\Program Files\MiKTeX 2.9\tex\latex\base\article.cls"
Document Class: article 2014/09/29 v1.4h Standard LaTeX document class
("C:\Program Files\MiKTeX 2.9\tex\latex\base\size12.clo"
File: size12.clo 2014/09/29 v1.4h Standard LaTeX file (size option)
)
\c@part=\count79
\c@section=\count80
\c@subsection=\count81
\c@subsubsection=\count82
\c@paragraph=\count83
\c@subparagraph=\count84
\c@figure=\count85
\c@table=\count86
\abovecaptionskip=\skip41
\belowcaptionskip=\skip42
\bibindent=\dimen102
)
("C:\Program Files\MiKTeX 2.9\tex\latex\cmap\cmap.sty"
Package: cmap 2008/03/06 v1.0h CMap support: searchable PDF
)
("C:\Program Files\MiKTeX 2.9\tex\latex\base\fontenc.sty"
Package: fontenc 2016/06/19 v1.99m Standard LaTeX package

("C:\Program Files\MiKTeX 2.9\tex\latex\base\t1enc.def"
File: t1enc.def 2016/06/19 v1.99m Standard LaTeX file
LaTeX Font Info:    Redeclaring font encoding T1 on input line 48.
)<<t1.cmap>>)
("C:\Program Files\MiKTeX 2.9\tex\latex\base\inputenc.sty"
Package: inputenc 2015/03/17 v1.2c Input encoding file
\inpenc@prehook=\toks14
\inpenc@posthook=\toks15

("C:\Program Files\MiKTeX 2.9\tex\latex\base\ansinew.def"
File: ansinew.def 2015/03/17 v1.2c Input encoding file
))
("C:\Program Files\MiKTeX 2.9\tex\generic\babel\babel.sty"
Package: babel 2016/04/23 3.9r The Babel package

*************************************
* Local config file bblopts.cfg used
*
("C:\Program Files\MiKTeX 2.9\tex\latex\arabi\bblopts.cfg"
File: bblopts.cfg 2005/09/08 v0.1 add Arabic and Farsi to "declared" options of
 babel
)
("C:\Program Files\MiKTeX 2.9\tex\latex\babel-portuges\portuges.ldf"
Language: portuges 2008/03/18 v1.2q Portuguese support from the babel system

("C:\Program Files\MiKTeX 2.9\tex\generic\babel\babel.def"
File: babel.def 2016/04/23 3.9r Babel common definitions
\babel@savecnt=\count87
\U@D=\dimen103
)
\l@brazil = a dialect from \language\l@portuges 
Package babel Info: Making " an active character on input line 145.
))
("C:\Program Files\MiKTeX 2.9\tex\latex\graphics\color.sty"
Package: color 2016/07/10 v1.1e Standard LaTeX Color (DPC)

("C:\Program Files\MiKTeX 2.9\tex\latex\00miktex\color.cfg"
File: color.cfg 2016/01/02 v1.6 sample color configuration
)
Package color Info: Driver file: pdftex.def on input line 147.

("C:\Program Files\MiKTeX 2.9\tex\latex\graphics-def\pdftex.def"
File: pdftex.def 2016/07/10 v0.06j Graphics/color for pdfTeX

("C:\Program Files\MiKTeX 2.9\tex\generic\oberdiek\infwarerr.sty"
Package: infwarerr 2016/05/16 v1.4 Providing info/warning/error messages (HO)
)
("C:\Program Files\MiKTeX 2.9\tex\generic\oberdiek\ltxcmds.sty"
Package: ltxcmds 2016/05/16 v1.23 LaTeX kernel commands for general use (HO)
)
\Gread@gobject=\count88
))
("C:\Program Files\MiKTeX 2.9\tex\latex\graphics\graphics.sty"
Package: graphics 2016/07/10 v1.0t Standard LaTeX Graphics (DPC,SPQR)

("C:\Program Files\MiKTeX 2.9\tex\latex\graphics\trig.sty"
Package: trig 2016/01/03 v1.10 sin cos tan (DPC)
)
("C:\Program Files\MiKTeX 2.9\tex\latex\00miktex\graphics.cfg"
File: graphics.cfg 2016/06/04 v1.11 sample graphics configuration
)
Package graphics Info: Driver file: pdftex.def on input line 99.
)
("C:\Program Files\MiKTeX 2.9\tex\latex\graphics\graphicx.sty"
Package: graphicx 2014/10/28 v1.0g Enhanced LaTeX Graphics (DPC,SPQR)

("C:\Program Files\MiKTeX 2.9\tex\latex\graphics\keyval.sty"
Package: keyval 2014/10/28 v1.15 key=value parser (DPC)
\KV@toks@=\toks16
)
\Gin@req@height=\dimen104
\Gin@req@width=\dimen105
)
("C:\Program Files\MiKTeX 2.9\tex\latex\subfigure\subfigure.sty"
Package: subfigure 2002/07/30 v2.1.4 subfigure package
\subfigtopskip=\skip43
\subfigcapskip=\skip44
\subfigcaptopadj=\dimen106
\subfigbottomskip=\skip45
\subfigcapmargin=\dimen107
\subfiglabelskip=\skip46
\c@subfigure=\count89
\c@lofdepth=\count90
\c@subtable=\count91
\c@lotdepth=\count92

****************************************
* Local config file subfigure.cfg used *
****************************************
("C:\Program Files\MiKTeX 2.9\tex\latex\subfigure\subfigure.cfg")
\subfig@top=\skip47
\subfig@bottom=\skip48
)
("C:\Program Files\MiKTeX 2.9\tex\latex\tools\longtable.sty"
Package: longtable 2014/10/28 v4.11 Multi-page Table package (DPC)
\LTleft=\skip49
\LTright=\skip50
\LTpre=\skip51
\LTpost=\skip52
\LTchunksize=\count93
\LTcapwidth=\dimen108
\LT@head=\box26
\LT@firsthead=\box27
\LT@foot=\box28
\LT@lastfoot=\box29
\LT@cols=\count94
\LT@rows=\count95
\c@LT@tables=\count96
\c@LT@chunks=\count97
\LT@p@ftn=\toks17
)
("C:\Program Files\MiKTeX 2.9\tex\latex\multirow\multirow.sty"
\bigstrutjot=\dimen109
)
(C:\Users\rickh\AppData\Roaming\MiKTeX\2.9\tex\latex\pdfpages\pdfpages.sty
Package: pdfpages 2017/07/14 v0.5j Insert pages of external PDF documents (AM)

("C:\Program Files\MiKTeX 2.9\tex\latex\base\ifthen.sty"
Package: ifthen 2014/09/29 v1.1c Standard LaTeX ifthen package (DPC)
)
("C:\Program Files\MiKTeX 2.9\tex\latex\tools\calc.sty"
Package: calc 2014/10/28 v4.3 Infix arithmetic (KKT,FJ)
\calc@Acount=\count98
\calc@Bcount=\count99
\calc@Adimen=\dimen110
\calc@Bdimen=\dimen111
\calc@Askip=\skip53
\calc@Bskip=\skip54
LaTeX Info: Redefining \setlength on input line 80.
LaTeX Info: Redefining \addtolength on input line 81.
\calc@Ccount=\count100
\calc@Cskip=\skip55
)
(C:\Users\rickh\AppData\Roaming\MiKTeX\2.9\tex\latex\eso-pic\eso-pic.sty
Package: eso-pic 2015/07/21 v2.0g eso-pic (RN)

("C:\Program Files\MiKTeX 2.9\tex\generic\oberdiek\atbegshi.sty"
Package: atbegshi 2016/06/09 v1.18 At begin shipout hook (HO)

("C:\Program Files\MiKTeX 2.9\tex\generic\oberdiek\ifpdf.sty"
Package: ifpdf 2016/05/14 v3.1 Provides the ifpdf switch
)))
\AM@pagewidth=\dimen112
\AM@pageheight=\dimen113

(C:\Users\rickh\AppData\Roaming\MiKTeX\2.9\tex\latex\pdfpages\pppdftex.def
File: pppdftex.def 2017/07/14 v0.5j Pdfpages driver for pdfTeX (AM)
)
\AM@pagebox=\box30
\AM@global@opts=\toks18
\AM@toc@title=\toks19
\c@AM@survey=\count101
\AM@templatesizebox=\box31
)
("C:\Program Files\MiKTeX 2.9\tex\latex\appendix\appendix.sty"
Package: appendix 2009/09/02 v1.2b extra appendix facilities
\c@@pps=\count102
\c@@ppsavesec=\count103
\c@@ppsaveapp=\count104
)
("C:\Program Files\MiKTeX 2.9\tex\latex\natbib\natbib.sty"
Package: natbib 2010/09/13 8.31b (PWD, AO)
\bibhang=\skip56
\bibsep=\skip57
LaTeX Info: Redefining \cite on input line 694.
\c@NAT@ctr=\count105
)
("C:\Program Files\MiKTeX 2.9\tex\latex\geometry\geometry.sty"
Package: geometry 2010/09/12 v5.6 Page Geometry

("C:\Program Files\MiKTeX 2.9\tex\generic\oberdiek\ifvtex.sty"
Package: ifvtex 2016/05/16 v1.6 Detect VTeX and its facilities (HO)
Package ifvtex Info: VTeX not detected.
)
("C:\Program Files\MiKTeX 2.9\tex\generic\ifxetex\ifxetex.sty"
Package: ifxetex 2010/09/12 v0.6 Provides ifxetex conditional
)
\Gm@cnth=\count106
\Gm@cntv=\count107
\c@Gm@tempcnt=\count108
\Gm@bindingoffset=\dimen114
\Gm@wd@mp=\dimen115
\Gm@odd@mp=\dimen116
\Gm@even@mp=\dimen117
\Gm@layoutwidth=\dimen118
\Gm@layoutheight=\dimen119
\Gm@layouthoffset=\dimen120
\Gm@layoutvoffset=\dimen121
\Gm@dimlist=\toks20

("C:\Program Files\MiKTeX 2.9\tex\latex\geometry\geometry.cfg"))
("C:\Program Files\MiKTeX 2.9\tex\latex\tools\indentfirst.sty"
Package: indentfirst 1995/11/23 v1.03 Indent first paragraph (DPC)
)
("C:\Program Files\MiKTeX 2.9\tex\latex\setspace\setspace.sty"
Package: setspace 2011/12/19 v6.7a set line spacing
)
("C:\Program Files\MiKTeX 2.9\tex\latex\fancyhdr\fancyhdr.sty"
Package: fancyhdr 2016/09/06 3.8 Extensive control of page headers and footers
\fancy@headwidth=\skip58
\f@ncyO@elh=\skip59
\f@ncyO@erh=\skip60
\f@ncyO@olh=\skip61
\f@ncyO@orh=\skip62
\f@ncyO@elf=\skip63
\f@ncyO@erf=\skip64
\f@ncyO@olf=\skip65
\f@ncyO@orf=\skip66
)

Package Fancyhdr Warning: \fancyhead's `E' option without twoside option is use
less on input line 37.


Package Fancyhdr Warning: \fancyhead's `E' option without twoside option is use
less on input line 37.


Package Fancyhdr Warning: \fancyfoot's `E' option without twoside option is use
less on input line 38.


Package Fancyhdr Warning: \fancyfoot's `E' option without twoside option is use
less on input line 39.

\mybox=\box32
(C:\Users\rickh\AppData\Roaming\MiKTeX\2.9\tex\latex\listings\listings.sty
\lst@mode=\count109
\lst@gtempboxa=\box33
\lst@token=\toks21
\lst@length=\count110
\lst@currlwidth=\dimen122
\lst@column=\count111
\lst@pos=\count112
\lst@lostspace=\dimen123
\lst@width=\dimen124
\lst@newlines=\count113
\lst@lineno=\count114
\lst@maxwidth=\dimen125

(C:\Users\rickh\AppData\Roaming\MiKTeX\2.9\tex\latex\listings\lstmisc.sty
File: lstmisc.sty 2015/06/04 1.6 (Carsten Heinz)
\c@lstnumber=\count115
\lst@skipnumbers=\count116
\lst@framebox=\box34
)
(C:\Users\rickh\AppData\Roaming\MiKTeX\2.9\tex\latex\listings\listings.cfg
File: listings.cfg 2015/06/04 1.6 listings configuration
))
Package: listings 2015/06/04 1.6 (Carsten Heinz)

(mips.sty) ("C:\Program Files\MiKTeX 2.9\tex\latex\hyperref\hyperref.sty"
Package: hyperref 2016/06/24 v6.83q Hypertext links for LaTeX

("C:\Program Files\MiKTeX 2.9\tex\generic\oberdiek\hobsub-hyperref.sty"
Package: hobsub-hyperref 2016/05/16 v1.14 Bundle oberdiek, subset hyperref (HO)


("C:\Program Files\MiKTeX 2.9\tex\generic\oberdiek\hobsub-generic.sty"
Package: hobsub-generic 2016/05/16 v1.14 Bundle oberdiek, subset generic (HO)
Package: hobsub 2016/05/16 v1.14 Construct package bundles (HO)
Package hobsub Info: Skipping package `infwarerr' (already loaded).
Package hobsub Info: Skipping package `ltxcmds' (already loaded).
Package: ifluatex 2016/05/16 v1.4 Provides the ifluatex switch (HO)
Package ifluatex Info: LuaTeX not detected.
Package hobsub Info: Skipping package `ifvtex' (already loaded).
Package: intcalc 2016/05/16 v1.2 Expandable calculations with integers (HO)
Package hobsub Info: Skipping package `ifpdf' (already loaded).
Package: etexcmds 2016/05/16 v1.6 Avoid name clashes with e-TeX commands (HO)
Package etexcmds Info: Could not find \expanded.
(etexcmds)             That can mean that you are not using pdfTeX 1.50 or
(etexcmds)             that some package has redefined \expanded.
(etexcmds)             In the latter case, load this package earlier.
Package: kvsetkeys 2016/05/16 v1.17 Key value parser (HO)
Package: kvdefinekeys 2016/05/16 v1.4 Define keys (HO)
Package: pdftexcmds 2016/05/21 v0.22 Utility functions of pdfTeX for LuaTeX (HO
)
Package pdftexcmds Info: LuaTeX not detected.
Package pdftexcmds Info: \pdf@primitive is available.
Package pdftexcmds Info: \pdf@ifprimitive is available.
Package pdftexcmds Info: \pdfdraftmode found.
Package: pdfescape 2016/05/16 v1.14 Implements pdfTeX's escape features (HO)
Package: bigintcalc 2016/05/16 v1.4 Expandable calculations on big integers (HO
)
Package: bitset 2016/05/16 v1.2 Handle bit-vector datatype (HO)
Package: uniquecounter 2016/05/16 v1.3 Provide unlimited unique counter (HO)
)
Package hobsub Info: Skipping package `hobsub' (already loaded).
Package: letltxmacro 2016/05/16 v1.5 Let assignment for LaTeX macros (HO)
Package: hopatch 2016/05/16 v1.3 Wrapper for package hooks (HO)
Package: xcolor-patch 2016/05/16 xcolor patch
Package: atveryend 2016/05/16 v1.9 Hooks at the very end of document (HO)
Package atveryend Info: \enddocument detected (standard20110627).
Package hobsub Info: Skipping package `atbegshi' (already loaded).
Package: refcount 2016/05/16 v3.5 Data extraction from label references (HO)
Package: hycolor 2016/05/16 v1.8 Color options for hyperref/bookmark (HO)
)
("C:\Program Files\MiKTeX 2.9\tex\latex\oberdiek\auxhook.sty"
Package: auxhook 2016/05/16 v1.4 Hooks for auxiliary files (HO)
)
("C:\Program Files\MiKTeX 2.9\tex\latex\oberdiek\kvoptions.sty"
Package: kvoptions 2016/05/16 v3.12 Key value format for package options (HO)
)
\@linkdim=\dimen126
\Hy@linkcounter=\count117
\Hy@pagecounter=\count118

("C:\Program Files\MiKTeX 2.9\tex\latex\hyperref\pd1enc.def"
File: pd1enc.def 2016/06/24 v6.83q Hyperref: PDFDocEncoding definition (HO)
)
\Hy@SavedSpaceFactor=\count119

("C:\Program Files\MiKTeX 2.9\tex\latex\00miktex\hyperref.cfg"
File: hyperref.cfg 2002/06/06 v1.2 hyperref configuration of TeXLive
)
Package hyperref Info: Hyper figures OFF on input line 4486.
Package hyperref Info: Link nesting OFF on input line 4491.
Package hyperref Info: Hyper index ON on input line 4494.
Package hyperref Info: Plain pages OFF on input line 4501.
Package hyperref Info: Backreferencing OFF on input line 4506.
Package hyperref Info: Implicit mode ON; LaTeX internals redefined.
Package hyperref Info: Bookmarks ON on input line 4735.
\c@Hy@tempcnt=\count120

("C:\Program Files\MiKTeX 2.9\tex\latex\url\url.sty"
\Urlmuskip=\muskip10
Package: url 2013/09/16  ver 3.4  Verb mode for urls, etc.
)
LaTeX Info: Redefining \url on input line 5088.
\XeTeXLinkMargin=\dimen127
\Fld@menulength=\count121
\Field@Width=\dimen128
\Fld@charsize=\dimen129
Package hyperref Info: Hyper figures OFF on input line 6342.
Package hyperref Info: Link nesting OFF on input line 6347.
Package hyperref Info: Hyper index ON on input line 6350.
Package hyperref Info: backreferencing OFF on input line 6357.
Package hyperref Info: Link coloring OFF on input line 6362.
Package hyperref Info: Link coloring with OCG OFF on input line 6367.
Package hyperref Info: PDF/A mode OFF on input line 6372.
LaTeX Info: Redefining \ref on input line 6412.
LaTeX Info: Redefining \pageref on input line 6416.
\Hy@abspage=\count122
\c@Item=\count123
\c@Hfootnote=\count124
)

Package hyperref Message: Driver (autodetected): hpdftex.

("C:\Program Files\MiKTeX 2.9\tex\latex\hyperref\hpdftex.def"
File: hpdftex.def 2016/06/24 v6.83q Hyperref driver for pdfTeX
\Fld@listcount=\count125
\c@bookmark@seq@number=\count126

("C:\Program Files\MiKTeX 2.9\tex\latex\oberdiek\rerunfilecheck.sty"
Package: rerunfilecheck 2016/05/16 v1.8 Rerun checks for auxiliary files (HO)
Package uniquecounter Info: New unique counter `rerunfilecheck' on input line 2
82.
)
\Hy@SectionHShift=\skip67
)
\mylength=\skip68
)
(Documento.aux)
\openout1 = `Documento.aux'.

LaTeX Font Info:    Checking defaults for OML/cmm/m/it on input line 9.
LaTeX Font Info:    ... okay on input line 9.
LaTeX Font Info:    Checking defaults for T1/cmr/m/n on input line 9.
LaTeX Font Info:    ... okay on input line 9.
LaTeX Font Info:    Checking defaults for OT1/cmr/m/n on input line 9.
LaTeX Font Info:    ... okay on input line 9.
LaTeX Font Info:    Checking defaults for OMS/cmsy/m/n on input line 9.
LaTeX Font Info:    ... okay on input line 9.
LaTeX Font Info:    Checking defaults for OMX/cmex/m/n on input line 9.
LaTeX Font Info:    ... okay on input line 9.
LaTeX Font Info:    Checking defaults for U/cmr/m/n on input line 9.
LaTeX Font Info:    ... okay on input line 9.
LaTeX Font Info:    Checking defaults for PD1/pdf/m/n on input line 9.
LaTeX Font Info:    ... okay on input line 9.
 ("C:\Program Files\MiKTeX 2.9\tex\context\base\supp-pdf.mkii"
[Loading MPS to PDF converter (version 2006.09.02).]
\scratchcounter=\count127
\scratchdimen=\dimen130
\scratchbox=\box35
\nofMPsegments=\count128
\nofMParguments=\count129
\everyMPshowfont=\toks22
\MPscratchCnt=\count130
\MPscratchDim=\dimen131
\MPnumerator=\count131
\makeMPintoPDFobject=\count132
\everyMPtoPDFconversion=\toks23
) ("C:\Program Files\MiKTeX 2.9\tex\latex\oberdiek\epstopdf-base.sty"
Package: epstopdf-base 2016/05/15 v2.6 Base part for package epstopdf

("C:\Program Files\MiKTeX 2.9\tex\latex\oberdiek\grfext.sty"
Package: grfext 2016/05/16 v1.2 Manage graphics extensions (HO)
)
Package epstopdf-base Info: Redefining graphics rule for `.eps' on input line 4
38.
Package grfext Info: Graphics extension search list:
(grfext)             [.png,.pdf,.jpg,.mps,.jpeg,.jbig2,.jb2,.PNG,.PDF,.JPG,.JPE
G,.JBIG2,.JB2,.eps]
(grfext)             \AppendGraphicsExtensions on input line 456.
)
\AtBeginShipoutBox=\box36

("C:\Program Files\MiKTeX 2.9\tex\latex\oberdiek\pdflscape.sty"
Package: pdflscape 2016/05/14 v0.11 Display of landscape pages in PDF (HO)

("C:\Program Files\MiKTeX 2.9\tex\latex\graphics\lscape.sty"
Package: lscape 2000/10/22 v3.01 Landscape Pages (DPC)
)
Package pdflscape Info: Auto-detected driver: pdftex on input line 81.
)
*geometry* driver: auto-detecting
*geometry* detected driver: pdftex
*geometry* verbose mode - [ preamble ] result:
* driver: pdftex
* paper: <default>
* layout: <same size as paper>
* layoutoffset:(h,v)=(0.0pt,0.0pt)
* modes: 
* h-part:(L,W,R)=(71.13188pt, 472.03123pt, 71.13188pt)
* v-part:(T,H,B)=(71.13188pt, 652.70622pt, 71.13188pt)
* \paperwidth=614.295pt
* \paperheight=794.96999pt
* \textwidth=472.03123pt
* \textheight=652.70622pt
* \oddsidemargin=-1.1381pt
* \evensidemargin=-1.1381pt
* \topmargin=-38.1381pt
* \headheight=12.0pt
* \headsep=25.0pt
* \topskip=12.0pt
* \footskip=30.0pt
* \marginparwidth=44.0pt
* \marginparsep=10.0pt
* \columnsep=10.0pt
* \skip\footins=10.8pt plus 4.0pt minus 2.0pt
* \hoffset=0.0pt
* \voffset=0.0pt
* \mag=1000
* \@twocolumnfalse
* \@twosidefalse
* \@mparswitchfalse
* \@reversemarginfalse
* (1in=72.27pt=25.4mm, 1cm=28.453pt)

\c@lstlisting=\count133
Package hyperref Info: Link coloring OFF on input line 9.
("C:\Program Files\MiKTeX 2.9\tex\latex\hyperref\nameref.sty"
Package: nameref 2016/05/21 v2.44 Cross-referencing by name of section

("C:\Program Files\MiKTeX 2.9\tex\generic\oberdiek\gettitlestring.sty"
Package: gettitlestring 2016/05/16 v1.5 Cleanup title references (HO)
)
\c@section@level=\count134
)
LaTeX Info: Redefining \ref on input line 9.
LaTeX Info: Redefining \pageref on input line 9.
LaTeX Info: Redefining \nameref on input line 9.

(Documento.out) (Documento.out)
\@outlinefile=\write3
\openout3 = `Documento.out'.

LaTeX Font Info:    Try loading font information for T1+ptm on input line 11.

("C:\Program Files\MiKTeX 2.9\tex\latex\psnfss\t1ptm.fd"
File: t1ptm.fd 2001/06/04 font definitions for T1/ptm.
)<<ot1.cmap>><<oml.cmap>><<oms.cmap>>
LaTeX Font Info:    External font `cmex10' loaded for size
(Font)              <14.4> on input line 17.
<<omx.cmap>>
LaTeX Font Info:    External font `cmex10' loaded for size
(Font)              <7> on input line 17.
 <logoUEM.png, id=20, 82.80937pt x 82.80937pt>
File: logoUEM.png Graphic file (type png)

<use logoUEM.png>
Package pdftex.def Info: logoUEM.png used on input line 18.
(pdftex.def)             Requested size: 66.24757pt x 66.24757pt.

Overfull \hbox (5.05797pt too wide) in paragraph at lines 16--26
[]  [] 
 []

LaTeX Font Info:    External font `cmex10' loaded for size
(Font)              <12> on input line 45.
LaTeX Font Info:    External font `cmex10' loaded for size
(Font)              <8> on input line 45.
LaTeX Font Info:    External font `cmex10' loaded for size
(Font)              <6> on input line 45.
Package babel Info: Redefining portuges shorthand "|
(babel)             in language  on input line 54.
Package babel Info: Redefining portuges shorthand "|
(babel)             in language  on input line 54.
[1

{C:/Users/rickh/AppData/Local/MiKTeX/2.9/pdftex/config/pdftex.map} <./logoUEM.p
ng>]
Package babel Info: Redefining portuges shorthand "|
(babel)             in language  on input line 61.


Package natbib Warning: Citation `Monteiro' on page 1 undefined on input line 6
9.


Package natbib Warning: Citation `Tanenbaum' on page 1 undefined on input line 
69.


Package natbib Warning: Citation `Stallings' on page 1 undefined on input line 
69.

LaTeX Font Info:    Try loading font information for T1+cmtt on input line 77.
("C:\Program Files\MiKTeX 2.9\tex\latex\base\t1cmtt.fd"
File: t1cmtt.fd 2014/09/29 v2.5h Standard LaTeX font definitions
)
LaTeX Font Info:    Try loading font information for OMS+ptm on input line 79.

("C:\Program Files\MiKTeX 2.9\tex\latex\psnfss\omsptm.fd"
File: omsptm.fd 
)
LaTeX Font Info:    Font shape `OMS/ptm/m/n' in size <12> not available
(Font)              Font shape `OMS/cmsy/m/n' tried instead on input line 79.
LaTeX Font Info:    Font shape `T1/ptm/bx/n' in size <12> not available
(Font)              Font shape `T1/ptm/b/n' tried instead on input line 79.
Package babel Info: Redefining portuges shorthand "|
(babel)             in language  on input line 90.
Package babel Info: Redefining portuges shorthand "|
(babel)             in language  on input line 90.
pdfTeX warning (ext4): destination with the same identifier (name{page.1}) has 
been already used, duplicate ignored
<to be read again> 
                   \relax 
l.90 	\newpage
               [1] (../copiar_subvetor.s
LaTeX Font Info:    External font `cmex10' loaded for size
(Font)              <5> on input line 6.
LaTeX Font Info:    Font shape `OMS/ptm/m/n' in size <10> not available
(Font)              Font shape `OMS/cmsy/m/n' tried instead on input line 14.
)
Overfull \hbox (17.45651pt too wide) in paragraph at lines 97--99
\T1/ptm/m/n/12 ritmo por um si-mu-la-dor hi-po-té-tico que aplica o al-go-ritmo
 de To-ma-sulo com es-pe-cu-la-ção. Convenciona-
 []

Package babel Info: Redefining portuges shorthand "|
(babel)             in language  on input line 101.
Package babel Info: Redefining portuges shorthand "|
(babel)             in language  on input line 101.
[2]

Package natbib Warning: Citation `Hennessy' on page 3 undefined on input line 1
20.

Package babel Info: Redefining portuges shorthand "|
(babel)             in language  on input line 127.
Package babel Info: Redefining portuges shorthand "|
(babel)             in language  on input line 127.
[3]
Package babel Info: Redefining portuges shorthand "|
(babel)             in language  on input line 157.
Package babel Info: Redefining portuges shorthand "|
(babel)             in language  on input line 157.
 [4]
Package babel Info: Redefining portuges shorthand "|
(babel)             in language  on input line 173.
Package babel Info: Redefining portuges shorthand "|
(babel)             in language  on input line 173.
 [5]
(C:\Users\rickh\AppData\Roaming\MiKTeX\2.9\tex\latex\listings\lstlang1.sty
File: lstlang1.sty 2015/06/04 1.6 listings language file
)
(C:\Users\rickh\AppData\Roaming\MiKTeX\2.9\tex\latex\listings\lstmisc.sty
File: lstmisc.sty 2015/06/04 1.6 (Carsten Heinz)
)
(../paralelo_1.c) (../paralelo_2.c)
Package babel Info: Redefining portuges shorthand "|
(babel)             in language  on input line 195.
Package babel Info: Redefining portuges shorthand "|
(babel)             in language  on input line 195.
 [6]
Package babel Info: Redefining portuges shorthand "|
(babel)             in language  on input line 240.
Package babel Info: Redefining portuges shorthand "|
(babel)             in language  on input line 240.
 [7]
Package babel Info: Redefining portuges shorthand "|
(babel)             in language  on input line 265.
Package babel Info: Redefining portuges shorthand "|
(babel)             in language  on input line 265.
 [8] (../barreira.s)
Package babel Info: Redefining portuges shorthand "|
(babel)             in language  on input line 272.
Package babel Info: Redefining portuges shorthand "|
(babel)             in language  on input line 272.
 [9]
Package babel Info: Redefining portuges shorthand "|
(babel)             in language  on input line 274.

No file Documento.bbl.
Package babel Info: Redefining portuges shorthand "|
(babel)             in language  on input line 279.
Package babel Info: Redefining portuges shorthand "|
(babel)             in language  on input line 279.
[10]
LaTeX Font Info:    External font `cmex10' loaded for size
(Font)              <24.88> on input line 280.
LaTeX Font Info:    External font `cmex10' loaded for size
(Font)              <20.74> on input line 280.
LaTeX Font Info:    External font `cmex10' loaded for size
(Font)              <17.28> on input line 280.
Package babel Info: Redefining portuges shorthand "|
(babel)             in language  on input line 280.


pdfTeX warning: pdflatex (file ./tomasulo_especulacao.pdf): PDF inclusion: foun
d PDF version <1.7>, but at most version <1.5> allowed
<tomasulo_especulacao.pdf, id=154, 597.55246pt x 845.07718pt>
File: tomasulo_especulacao.pdf Graphic file (type pdf)

<use tomasulo_especulacao.pdf>
Package pdftex.def Info: tomasulo_especulacao.pdf used on input line 281.
(pdftex.def)             Requested size: 597.551pt x 845.07512pt.


pdfTeX warning: pdflatex (file ./tomasulo_especulacao.pdf): PDF inclusion: foun
d PDF version <1.7>, but at most version <1.5> allowed
File: tomasulo_especulacao.pdf Graphic file (type pdf)
<use tomasulo_especulacao.pdf>
Package pdftex.def Info: tomasulo_especulacao.pdf used on input line 281.
(pdftex.def)             Requested size: 597.551pt x 845.07512pt.


pdfTeX warning: pdflatex (file ./tomasulo_especulacao.pdf): PDF inclusion: foun
d PDF version <1.7>, but at most version <1.5> allowed


pdfTeX warning: pdflatex (file ./tomasulo_especulacao.pdf): PDF inclusion: foun
d PDF version <1.7>, but at most version <1.5> allowed
<tomasulo_especulacao.pdf, id=157, page=1, 597.55246pt x 845.07718pt>
File: tomasulo_especulacao.pdf Graphic file (type pdf)

<use tomasulo_especulacao.pdf, page 1>
Package pdftex.def Info: tomasulo_especulacao.pdf, page1 used on input line 281
.
(pdftex.def)             Requested size: 597.551pt x 845.07512pt.
File: tomasulo_especulacao.pdf Graphic file (type pdf)
 <use tomasulo_especulacao.pdf, page 1>
Package pdftex.def Info: tomasulo_especulacao.pdf, page1 used on input line 281
.
(pdftex.def)             Requested size: 537.79224pt x 760.56244pt.
Package babel Info: Redefining portuges shorthand "|
(babel)             in language  on input line 281.
Package babel Info: Redefining portuges shorthand "|
(babel)             in language  on input line 281.

[11]
File: tomasulo_especulacao.pdf Graphic file (type pdf)
 <use tomasulo_especulacao.pdf, page 1>
Package pdftex.def Info: tomasulo_especulacao.pdf, page1 used on input line 281
.
(pdftex.def)             Requested size: 537.79224pt x 760.56244pt.
File: tomasulo_especulacao.pdf Graphic file (type pdf)

<use tomasulo_especulacao.pdf, page 1>
Package pdftex.def Info: tomasulo_especulacao.pdf, page1 used on input line 281
.
(pdftex.def)             Requested size: 537.79224pt x 760.56244pt.
File: tomasulo_especulacao.pdf Graphic file (type pdf)
 <use tomasulo_especulacao.pdf, page 1>
Package pdftex.def Info: tomasulo_especulacao.pdf, page1 used on input line 281
.
(pdftex.def)             Requested size: 537.79224pt x 760.56244pt.
Package babel Info: Redefining portuges shorthand "|
(babel)             in language  on input line 281.
Package babel Info: Redefining portuges shorthand "|
(babel)             in language  on input line 281.

[12 <./tomasulo_especulacao.pdf>]

pdfTeX warning: pdflatex (file ./tomasulo_especulacao.pdf): PDF inclusion: foun
d PDF version <1.7>, but at most version <1.5> allowed
<tomasulo_especulacao.pdf, id=191, page=2, 597.55246pt x 845.07718pt>
File: tomasulo_especulacao.pdf Graphic file (type pdf)

<use tomasulo_especulacao.pdf, page 2>
Package pdftex.def Info: tomasulo_especulacao.pdf, page2 used on input line 281
.
(pdftex.def)             Requested size: 537.79224pt x 760.56244pt.
File: tomasulo_especulacao.pdf Graphic file (type pdf)
 <use tomasulo_especulacao.pdf, page 2>
Package pdftex.def Info: tomasulo_especulacao.pdf, page2 used on input line 281
.
(pdftex.def)             Requested size: 537.79224pt x 760.56244pt.
File: tomasulo_especulacao.pdf Graphic file (type pdf)

<use tomasulo_especulacao.pdf, page 2>
Package pdftex.def Info: tomasulo_especulacao.pdf, page2 used on input line 281
.
(pdftex.def)             Requested size: 537.79224pt x 760.56244pt.
Package babel Info: Redefining portuges shorthand "|
(babel)             in language  on input line 281.
Package babel Info: Redefining portuges shorthand "|
(babel)             in language  on input line 281.
 [13 <./tomasulo_especulacao.pdf>]

pdfTeX warning: pdflatex (file ./tomasulo_especulacao.pdf): PDF inclusion: foun
d PDF version <1.7>, but at most version <1.5> allowed
<tomasulo_especulacao.pdf, id=199, page=3, 597.55246pt x 845.07718pt>
File: tomasulo_especulacao.pdf Graphic file (type pdf)

<use tomasulo_especulacao.pdf, page 3>
Package pdftex.def Info: tomasulo_especulacao.pdf, page3 used on input line 281
.
(pdftex.def)             Requested size: 537.79224pt x 760.56244pt.
File: tomasulo_especulacao.pdf Graphic file (type pdf)
 <use tomasulo_especulacao.pdf, page 3>
Package pdftex.def Info: tomasulo_especulacao.pdf, page3 used on input line 281
.
(pdftex.def)             Requested size: 537.79224pt x 760.56244pt.
File: tomasulo_especulacao.pdf Graphic file (type pdf)

<use tomasulo_especulacao.pdf, page 3>
Package pdftex.def Info: tomasulo_especulacao.pdf, page3 used on input line 281
.
(pdftex.def)             Requested size: 537.79224pt x 760.56244pt.
Package babel Info: Redefining portuges shorthand "|
(babel)             in language  on input line 281.
Package babel Info: Redefining portuges shorthand "|
(babel)             in language  on input line 281.
 [14 <./tomasulo_especulacao.pdf>]

pdfTeX warning: pdflatex (file ./tomasulo_especulacao.pdf): PDF inclusion: foun
d PDF version <1.7>, but at most version <1.5> allowed
<tomasulo_especulacao.pdf, id=207, page=4, 597.55246pt x 845.07718pt>
File: tomasulo_especulacao.pdf Graphic file (type pdf)

<use tomasulo_especulacao.pdf, page 4>
Package pdftex.def Info: tomasulo_especulacao.pdf, page4 used on input line 281
.
(pdftex.def)             Requested size: 537.79224pt x 760.56244pt.
File: tomasulo_especulacao.pdf Graphic file (type pdf)
 <use tomasulo_especulacao.pdf, page 4>
Package pdftex.def Info: tomasulo_especulacao.pdf, page4 used on input line 281
.
(pdftex.def)             Requested size: 537.79224pt x 760.56244pt.
File: tomasulo_especulacao.pdf Graphic file (type pdf)

<use tomasulo_especulacao.pdf, page 4>
Package pdftex.def Info: tomasulo_especulacao.pdf, page4 used on input line 281
.
(pdftex.def)             Requested size: 537.79224pt x 760.56244pt.
Package babel Info: Redefining portuges shorthand "|
(babel)             in language  on input line 281.
Package babel Info: Redefining portuges shorthand "|
(babel)             in language  on input line 281.
 [15 <./tomasulo_especulacao.pdf>]

pdfTeX warning: pdflatex (file ./tomasulo_especulacao.pdf): PDF inclusion: foun
d PDF version <1.7>, but at most version <1.5> allowed
<tomasulo_especulacao.pdf, id=215, page=5, 597.55246pt x 845.07718pt>
File: tomasulo_especulacao.pdf Graphic file (type pdf)

<use tomasulo_especulacao.pdf, page 5>
Package pdftex.def Info: tomasulo_especulacao.pdf, page5 used on input line 281
.
(pdftex.def)             Requested size: 537.79224pt x 760.56244pt.
File: tomasulo_especulacao.pdf Graphic file (type pdf)
 <use tomasulo_especulacao.pdf, page 5>
Package pdftex.def Info: tomasulo_especulacao.pdf, page5 used on input line 281
.
(pdftex.def)             Requested size: 537.79224pt x 760.56244pt.
File: tomasulo_especulacao.pdf Graphic file (type pdf)

<use tomasulo_especulacao.pdf, page 5>
Package pdftex.def Info: tomasulo_especulacao.pdf, page5 used on input line 281
.
(pdftex.def)             Requested size: 537.79224pt x 760.56244pt.
Package babel Info: Redefining portuges shorthand "|
(babel)             in language  on input line 281.
Package babel Info: Redefining portuges shorthand "|
(babel)             in language  on input line 281.
 [16 <./tomasulo_especulacao.pdf>]

pdfTeX warning: pdflatex (file ./tomasulo_especulacao.pdf): PDF inclusion: foun
d PDF version <1.7>, but at most version <1.5> allowed
<tomasulo_especulacao.pdf, id=223, page=6, 597.55246pt x 845.07718pt>
File: tomasulo_especulacao.pdf Graphic file (type pdf)

<use tomasulo_especulacao.pdf, page 6>
Package pdftex.def Info: tomasulo_especulacao.pdf, page6 used on input line 281
.
(pdftex.def)             Requested size: 537.79224pt x 760.56244pt.
File: tomasulo_especulacao.pdf Graphic file (type pdf)
 <use tomasulo_especulacao.pdf, page 6>
Package pdftex.def Info: tomasulo_especulacao.pdf, page6 used on input line 281
.
(pdftex.def)             Requested size: 537.79224pt x 760.56244pt.
File: tomasulo_especulacao.pdf Graphic file (type pdf)

<use tomasulo_especulacao.pdf, page 6>
Package pdftex.def Info: tomasulo_especulacao.pdf, page6 used on input line 281
.
(pdftex.def)             Requested size: 537.79224pt x 760.56244pt.
Package babel Info: Redefining portuges shorthand "|
(babel)             in language  on input line 281.
Package babel Info: Redefining portuges shorthand "|
(babel)             in language  on input line 281.
 [17 <./tomasulo_especulacao.pdf>]

pdfTeX warning: pdflatex (file ./tomasulo_especulacao.pdf): PDF inclusion: foun
d PDF version <1.7>, but at most version <1.5> allowed
<tomasulo_especulacao.pdf, id=231, page=7, 597.55246pt x 845.07718pt>
File: tomasulo_especulacao.pdf Graphic file (type pdf)

<use tomasulo_especulacao.pdf, page 7>
Package pdftex.def Info: tomasulo_especulacao.pdf, page7 used on input line 281
.
(pdftex.def)             Requested size: 537.79224pt x 760.56244pt.
File: tomasulo_especulacao.pdf Graphic file (type pdf)
 <use tomasulo_especulacao.pdf, page 7>
Package pdftex.def Info: tomasulo_especulacao.pdf, page7 used on input line 281
.
(pdftex.def)             Requested size: 537.79224pt x 760.56244pt.
File: tomasulo_especulacao.pdf Graphic file (type pdf)

<use tomasulo_especulacao.pdf, page 7>
Package pdftex.def Info: tomasulo_especulacao.pdf, page7 used on input line 281
.
(pdftex.def)             Requested size: 537.79224pt x 760.56244pt.
Package babel Info: Redefining portuges shorthand "|
(babel)             in language  on input line 281.
Package babel Info: Redefining portuges shorthand "|
(babel)             in language  on input line 281.
 [18 <./tomasulo_especulacao.pdf>]

Package natbib Warning: There were undefined citations.

Package atveryend Info: Empty hook `BeforeClearDocument' on input line 285.
Package atveryend Info: Empty hook `AfterLastShipout' on input line 285.
(Documento.aux)
Package atveryend Info: Executing hook `AtVeryEndDocument' on input line 285.
Package atveryend Info: Executing hook `AtEndAfterFileList' on input line 285.
Package rerunfilecheck Info: File `Documento.out' has not changed.
(rerunfilecheck)             Checksum: E24382BF7AEB472D430664BDFB172EF6;163.
Package atveryend Info: Empty hook `AtVeryVeryEnd' on input line 285.
 ) 
Here is how much of TeX's memory you used:
 10309 strings out of 493334
 145668 string characters out of 3139252
 380993 words of memory out of 3000000
 13477 multiletter control sequences out of 15000+200000
 35245 words of font info for 64 fonts, out of 3000000 for 9000
 1141 hyphenation exceptions out of 8191
 42i,19n,52p,287b,1577s stack positions out of 5000i,500n,10000p,200000b,50000s
 <C:\Users\rickh\AppData\Local\MiKTeX\2.9\fonts\pk\ljfour\jknappen\ec\dpi600\
ecbx2488.pk> <C:\Users\rickh\AppData\Local\MiKTeX\2.9\fonts\pk\ljfour\jknappen\
ec\dpi600\ecbx1440.pk> <C:\Users\rickh\AppData\Local\MiKTeX\2.9\fonts\pk\ljfour
\jknappen\ec\dpi600\ecrm1000.pk> <C:\Users\rickh\AppData\Local\MiKTeX\2.9\fonts
\pk\ljfour\jknappen\ec\dpi600\ecrm0700.pk> <C:\Users\rickh\AppData\Local\MiKTeX
\2.9\fonts\pk\ljfour\jknappen\ec\dpi600\ecrm0800.pk>{C:/Program Files/MiKTeX 2.
9/fonts/enc/dvips/fontname/8r.enc} <C:\Users\rickh\AppData\Local\MiKTeX\2.9\fon
ts\pk\ljfour\jknappen\ec\dpi600\ecrm1200.pk> <C:\Users\rickh\AppData\Local\MiKT
eX\2.9\fonts\pk\ljfour\jknappen\ec\dpi600\ecrm0600.pk> <C:\Users\rickh\AppData\
Local\MiKTeX\2.9\fonts\pk\ljfour\jknappen\ec\dpi600\ectt1200.pk> <C:\Users\rick
h\AppData\Local\MiKTeX\2.9\fonts\pk\ljfour\jknappen\ec\dpi600\ecbx1200.pk> <C:\
Users\rickh\AppData\Local\MiKTeX\2.9\fonts\pk\ljfour\jknappen\ec\dpi600\ecbx172
8.pk><C:/Program Files/MiKTeX 2.9/fonts/type1/public/amsfonts/cm/cmbx12.pfb><C:
/Program Files/MiKTeX 2.9/fonts/type1/public/amsfonts/cm/cmbx8.pfb><C:/Program 
Files/MiKTeX 2.9/fonts/type1/public/amsfonts/cm/cmmi12.pfb><C:/Program Files/Mi
KTeX 2.9/fonts/type1/public/amsfonts/cm/cmmi8.pfb><C:/Program Files/MiKTeX 2.9/
fonts/type1/public/amsfonts/cm/cmr12.pfb><C:/Program Files/MiKTeX 2.9/fonts/typ
e1/public/amsfonts/cm/cmr17.pfb><C:/Program Files/MiKTeX 2.9/fonts/type1/public
/amsfonts/cm/cmr8.pfb><C:/Program Files/MiKTeX 2.9/fonts/type1/public/amsfonts/
cm/cmsy10.pfb><C:/Program Files/MiKTeX 2.9/fonts/type1/urw/times/utmb8a.pfb><C:
/Program Files/MiKTeX 2.9/fonts/type1/urw/times/utmr8a.pfb><C:/Program Files/Mi
KTeX 2.9/fonts/type1/urw/times/utmri8a.pfb>
Output written on Documento.pdf (19 pages, 650260 bytes).
PDF statistics:
 485 PDF objects out of 1000 (max. 8388607)
 97 named destinations out of 1000 (max. 500000)
 100 words of extra memory for PDF output out of 10000 (max. 10000000)

